2021-09-09 15:54:54 - Starting DemoApplication on TC18323556 with PID 23700 (started by TCACAKMAK in D:\personally projects\spring-boot-prime-faces-master)
2021-09-09 15:54:54 - Running with Spring Boot v1.5.22.RELEASE, Spring v4.3.25.RELEASE
2021-09-09 15:54:54 - The following profiles are active: dev
2021-09-09 15:55:03 - Started DemoApplication in 9.123 seconds (JVM running for 9.773)
2021-09-09 15:55:03 - Application has been launched
2021-09-09 16:01:04 - Starting DemoApplication on TC18323556 with PID 13948 (started by TCACAKMAK in D:\personally projects\spring-boot-prime-faces-master)
2021-09-09 16:01:04 - Running with Spring Boot v1.5.22.RELEASE, Spring v4.3.25.RELEASE
2021-09-09 16:01:04 - The following profiles are active: dev
2021-09-09 16:01:10 - Started DemoApplication in 6.413 seconds (JVM running for 7.069)
2021-09-09 16:01:10 - Application has been launched
2021-09-09 16:01:55 - User not found: a.yasin.cakmak@gmail.com
2021-09-09 16:01:55 - User not found: a.yasin.cakmak@gmail.com
2021-09-09 16:04:25 - Starting DemoApplication on TC18323556 with PID 32432 (started by TCACAKMAK in D:\personally projects\spring-boot-prime-faces-master)
2021-09-09 16:04:25 - Running with Spring Boot v1.5.22.RELEASE, Spring v4.3.25.RELEASE
2021-09-09 16:04:25 - The following profiles are active: dev
2021-09-09 16:04:32 - Started DemoApplication in 7.321 seconds (JVM running for 8.088)
2021-09-09 16:04:32 - Application has been launched
2021-09-09 16:05:22 - User not found: a.yasin.cakmak@gmail.com
2021-09-09 16:05:22 - User not found: a.yasin.cakmak@gmail.com
2021-09-09 16:07:28 - Starting DemoApplication on TC18323556 with PID 32348 (started by TCACAKMAK in D:\personally projects\spring-boot-prime-faces-master)
2021-09-09 16:07:28 - Running with Spring Boot v1.5.22.RELEASE, Spring v4.3.25.RELEASE
2021-09-09 16:07:28 - The following profiles are active: dev
2021-09-09 16:07:36 - Started DemoApplication in 8.142 seconds (JVM running for 8.734)
2021-09-09 16:07:36 - Application has been launched
2021-09-09 16:10:31 - User not found: cosmic@girl.com
2021-09-09 16:10:31 - User not found: cosmic@girl.com
2021-09-09 16:10:31 - User not found: cosmic@girl.com
2021-09-09 16:15:09 - Starting DemoApplication on TC18323556 with PID 31388 (started by TCACAKMAK in D:\personally projects\spring-boot-prime-faces-master)
2021-09-09 16:15:09 - Running with Spring Boot v1.5.22.RELEASE, Spring v4.3.25.RELEASE
2021-09-09 16:15:09 - The following profiles are active: dev
2021-09-09 16:15:15 - Started DemoApplication in 6.414 seconds (JVM running for 7.017)
2021-09-09 16:15:15 - Application has been launched
2021-09-09 16:16:55 - Starting DemoApplication on TC18323556 with PID 16012 (started by TCACAKMAK in D:\personally projects\spring-boot-prime-faces-master)
2021-09-09 16:16:55 - Running with Spring Boot v1.5.22.RELEASE, Spring v4.3.25.RELEASE
2021-09-09 16:16:55 - The following profiles are active: dev
2021-09-09 16:17:02 - Started DemoApplication in 6.961 seconds (JVM running for 7.611)
2021-09-09 16:17:02 - Application has been launched
2021-09-09 16:18:03 - Starting DemoApplication on TC18323556 with PID 31956 (started by TCACAKMAK in D:\personally projects\spring-boot-prime-faces-master)
2021-09-09 16:18:03 - Running with Spring Boot v1.5.22.RELEASE, Spring v4.3.25.RELEASE
2021-09-09 16:18:03 - The following profiles are active: dev
2021-09-09 16:18:09 - Started DemoApplication in 6.691 seconds (JVM running for 7.262)
2021-09-09 16:18:09 - Application has been launched
2021-09-09 16:24:11 - Starting DemoApplication on TC18323556 with PID 22880 (started by TCACAKMAK in D:\personally projects\spring-boot-prime-faces-master)
2021-09-09 16:24:11 - Running with Spring Boot v1.5.22.RELEASE, Spring v4.3.25.RELEASE
2021-09-09 16:24:11 - The following profiles are active: dev
2021-09-09 16:24:19 - Started DemoApplication in 8.845 seconds (JVM running for 9.434)
2021-09-09 16:24:19 - Application has been launched
2021-09-09 16:24:30 - User not found: a.yasin.cakmak@gmail.com
2021-09-09 16:24:30 - User not found: a.yasin.cakmak@gmail.com
2021-09-09 16:26:41 - Starting DemoApplication on TC18323556 with PID 18496 (started by TCACAKMAK in D:\personally projects\spring-boot-prime-faces-master)
2021-09-09 16:26:41 - Running with Spring Boot v1.5.22.RELEASE, Spring v4.3.25.RELEASE
2021-09-09 16:26:41 - The following profiles are active: dev
2021-09-09 16:26:47 - Started DemoApplication in 6.538 seconds (JVM running for 7.156)
2021-09-09 16:26:47 - Application has been launched
2021-09-09 16:28:08 - User not found: Email
2021-09-09 16:28:08 - User not found: Email
2021-09-09 16:29:45 - User not found: email
2021-09-09 16:29:45 - User not found: email
2021-09-09 16:32:18 - Starting DemoApplication on TC18323556 with PID 23020 (started by TCACAKMAK in D:\personally projects\spring-boot-prime-faces-master)
2021-09-09 16:32:19 - Running with Spring Boot v1.5.22.RELEASE, Spring v4.3.25.RELEASE
2021-09-09 16:32:19 - The following profiles are active: dev
2021-09-09 16:32:34 - Started DemoApplication in 15.693 seconds (JVM running for 16.835)
2021-09-09 16:32:34 - Application has been launched
2021-09-09 16:45:16 - Starting DemoApplication on TC18323556 with PID 21528 (started by TCACAKMAK in D:\personally projects\spring-boot-prime-faces-master)
2021-09-09 16:45:16 - Running with Spring Boot v1.5.22.RELEASE, Spring v4.3.25.RELEASE
2021-09-09 16:45:16 - The following profiles are active: dev
2021-09-09 16:45:23 - Started DemoApplication in 7.593 seconds (JVM running for 8.22)
2021-09-09 16:45:23 - Application has been launched
2021-09-09 16:46:47 - Starting DemoApplication on TC18323556 with PID 34092 (started by TCACAKMAK in D:\personally projects\spring-boot-prime-faces-master)
2021-09-09 16:46:47 - Running with Spring Boot v1.5.22.RELEASE, Spring v4.3.25.RELEASE
2021-09-09 16:46:47 - The following profiles are active: dev
2021-09-09 16:46:55 - Started DemoApplication in 8.129 seconds (JVM running for 8.848)
2021-09-09 16:46:55 - Application has been launched
2021-09-09 16:56:00 - Starting DemoApplication on TC18323556 with PID 33768 (started by TCACAKMAK in D:\personally projects\spring-boot-prime-faces-master)
2021-09-09 16:56:00 - Running with Spring Boot v1.5.22.RELEASE, Spring v4.3.25.RELEASE
2021-09-09 16:56:00 - The following profiles are active: dev
2021-09-09 16:56:09 - Started DemoApplication in 9.136 seconds (JVM running for 10.016)
2021-09-09 16:56:09 - Application has been launched
2021-09-09 16:58:37 - Starting DemoApplication on TC18323556 with PID 3828 (started by TCACAKMAK in D:\personally projects\spring-boot-prime-faces-master)
2021-09-09 16:58:37 - Running with Spring Boot v1.5.22.RELEASE, Spring v4.3.25.RELEASE
2021-09-09 16:58:37 - The following profiles are active: dev
2021-09-09 16:58:47 - Started DemoApplication in 10.671 seconds (JVM running for 11.293)
2021-09-09 16:58:47 - Application has been launched
2021-09-09 17:03:32 - Starting DemoApplication on TC18323556 with PID 14356 (started by TCACAKMAK in D:\personally projects\spring-boot-prime-faces-master)
2021-09-09 17:03:32 - Running with Spring Boot v1.5.22.RELEASE, Spring v4.3.25.RELEASE
2021-09-09 17:03:32 - The following profiles are active: dev
2021-09-09 17:03:38 - Started DemoApplication in 6.832 seconds (JVM running for 7.421)
2021-09-09 17:03:38 - Application has been launched
2021-09-09 17:03:59 - Starting DemoApplication on TC18323556 with PID 20268 (started by TCACAKMAK in D:\personally projects\spring-boot-prime-faces-master)
2021-09-09 17:03:59 - Running with Spring Boot v1.5.22.RELEASE, Spring v4.3.25.RELEASE
2021-09-09 17:03:59 - The following profiles are active: dev
2021-09-09 17:04:06 - Started DemoApplication in 7.411 seconds (JVM running for 8.032)
2021-09-09 17:04:06 - Application has been launched
2021-09-09 17:09:45 - Starting DemoApplication on TC18323556 with PID 31216 (started by TCACAKMAK in D:\personally projects\spring-boot-prime-faces-master)
2021-09-09 17:09:45 - Running with Spring Boot v1.5.22.RELEASE, Spring v4.3.25.RELEASE
2021-09-09 17:09:45 - The following profiles are active: dev
2021-09-09 17:09:52 - Started DemoApplication in 7.852 seconds (JVM running for 8.568)
2021-09-09 17:09:52 - Application has been launched
2021-09-09 17:14:03 - Starting DemoApplication on TC18323556 with PID 21784 (started by TCACAKMAK in D:\personally projects\spring-boot-prime-faces-master)
2021-09-09 17:14:03 - Running with Spring Boot v1.5.22.RELEASE, Spring v4.3.25.RELEASE
2021-09-09 17:14:03 - The following profiles are active: dev
2021-09-09 17:14:10 - Started DemoApplication in 6.503 seconds (JVM running for 7.099)
2021-09-09 17:14:10 - Application has been launched
2021-09-09 17:15:16 - Starting DemoApplication on TC18323556 with PID 33564 (started by TCACAKMAK in D:\personally projects\spring-boot-prime-faces-master)
2021-09-09 17:15:16 - Running with Spring Boot v1.5.22.RELEASE, Spring v4.3.25.RELEASE
2021-09-09 17:15:16 - The following profiles are active: dev
2021-09-09 17:15:27 - Started DemoApplication in 11.278 seconds (JVM running for 11.97)
2021-09-09 17:15:27 - Application has been launched
2021-09-09 17:23:28 - Starting DemoApplication on TC18323556 with PID 34336 (started by TCACAKMAK in D:\personally projects\spring-boot-prime-faces-master)
2021-09-09 17:23:28 - Running with Spring Boot v1.5.22.RELEASE, Spring v4.3.25.RELEASE
2021-09-09 17:23:28 - The following profiles are active: dev
2021-09-09 17:23:36 - Started DemoApplication in 8.512 seconds (JVM running for 9.284)
2021-09-09 17:23:36 - Application has been launched
2021-09-09 17:26:25 - Starting DemoApplication on TC18323556 with PID 17532 (started by TCACAKMAK in D:\personally projects\spring-boot-prime-faces-master)
2021-09-09 17:26:25 - Running with Spring Boot v1.5.22.RELEASE, Spring v4.3.25.RELEASE
2021-09-09 17:26:25 - The following profiles are active: dev
2021-09-09 17:26:33 - Started DemoApplication in 7.976 seconds (JVM running for 8.751)
2021-09-09 17:26:33 - Application has been launched
2021-09-09 17:39:59 - Starting DemoApplication on TC18323556 with PID 16748 (started by TCACAKMAK in D:\personally projects\spring-boot-prime-faces-master)
2021-09-09 17:39:59 - Running with Spring Boot v1.5.22.RELEASE, Spring v4.3.25.RELEASE
2021-09-09 17:39:59 - The following profiles are active: dev
2021-09-09 17:40:07 - Started DemoApplication in 8.654 seconds (JVM running for 9.37)
2021-09-09 17:40:07 - Application has been launched
2021-09-09 17:41:20 - Starting DemoApplication on TC18323556 with PID 34028 (started by TCACAKMAK in D:\personally projects\spring-boot-prime-faces-master)
2021-09-09 17:41:20 - Running with Spring Boot v1.5.22.RELEASE, Spring v4.3.25.RELEASE
2021-09-09 17:41:20 - The following profiles are active: dev
2021-09-09 17:41:28 - Started DemoApplication in 8.032 seconds (JVM running for 8.73)
2021-09-09 17:41:28 - Application has been launched
2021-09-09 17:44:09 - Starting DemoApplicationTests on TC18323556 with PID 26960 (started by TCACAKMAK in D:\personally projects\spring-boot-prime-faces-master)
2021-09-09 17:44:09 - Running with Spring Boot v1.5.22.RELEASE, Spring v4.3.25.RELEASE
2021-09-09 17:44:09 - The following profiles are active: dev
2021-09-09 17:44:37 - Starting DemoApplication on TC18323556 with PID 6560 (started by TCACAKMAK in D:\personally projects\spring-boot-prime-faces-master)
2021-09-09 17:44:37 - Running with Spring Boot v1.5.22.RELEASE, Spring v4.3.25.RELEASE
2021-09-09 17:44:37 - The following profiles are active: dev
2021-09-09 17:44:44 - Started DemoApplication in 7.799 seconds (JVM running for 8.463)
2021-09-09 17:44:44 - Application has been launched
2021-09-09 19:42:03 - Starting DemoApplication on TC18323556 with PID 21112 (started by TCACAKMAK in D:\personally projects\spring-boot-prime-faces-master)
2021-09-09 19:42:03 - Running with Spring Boot v1.5.22.RELEASE, Spring v4.3.25.RELEASE
2021-09-09 19:42:03 - The following profiles are active: dev
2021-09-09 19:42:17 - Started DemoApplication in 14.77 seconds (JVM running for 15.823)
2021-09-09 19:42:17 - Application has been launched
2021-09-09 19:45:00 - Starting DemoApplication on TC18323556 with PID 32084 (started by TCACAKMAK in D:\personally projects\spring-boot-prime-faces-master)
2021-09-09 19:45:00 - Running with Spring Boot v1.5.22.RELEASE, Spring v4.3.25.RELEASE
2021-09-09 19:45:00 - The following profiles are active: dev
2021-09-09 19:45:10 - Started DemoApplication in 9.691 seconds (JVM running for 10.34)
2021-09-09 19:45:10 - Application has been launched
2021-09-09 19:46:50 - Starting DemoApplication on TC18323556 with PID 34560 (started by TCACAKMAK in D:\personally projects\spring-boot-prime-faces-master)
2021-09-09 19:46:50 - Running with Spring Boot v1.5.22.RELEASE, Spring v4.3.25.RELEASE
2021-09-09 19:46:50 - The following profiles are active: dev
2021-09-09 19:46:59 - Started DemoApplication in 8.596 seconds (JVM running for 9.262)
2021-09-09 19:46:59 - Application has been launched
2021-09-09 19:48:56 - Starting DemoApplication on TC18323556 with PID 27260 (started by TCACAKMAK in D:\personally projects\spring-boot-prime-faces-master)
2021-09-09 19:48:56 - Running with Spring Boot v1.5.22.RELEASE, Spring v4.3.25.RELEASE
2021-09-09 19:48:56 - The following profiles are active: dev
2021-09-09 19:51:41 - Started DemoApplication in 164.637 seconds (JVM running for 165.452)
2021-09-09 19:51:41 - Application has been launched
2021-09-09 19:55:23 - Starting DemoApplication on TC18323556 with PID 30876 (started by TCACAKMAK in D:\personally projects\spring-boot-prime-faces-master)
2021-09-09 19:55:23 - Running with Spring Boot v1.5.22.RELEASE, Spring v4.3.25.RELEASE
2021-09-09 19:55:23 - The following profiles are active: dev
2021-09-09 19:55:30 - Started DemoApplication in 7.365 seconds (JVM running for 7.965)
2021-09-09 19:55:30 - Application has been launched
2021-09-09 20:05:15 - Starting DemoApplication on TC18323556 with PID 20056 (started by TCACAKMAK in D:\personally projects\spring-boot-prime-faces-master)
2021-09-09 20:05:15 - Running with Spring Boot v1.5.22.RELEASE, Spring v4.3.25.RELEASE
2021-09-09 20:05:15 - The following profiles are active: dev
2021-09-09 20:06:54 - Starting DemoApplication on TC18323556 with PID 24328 (started by TCACAKMAK in D:\personally projects\spring-boot-prime-faces-master)
2021-09-09 20:06:54 - Running with Spring Boot v1.5.22.RELEASE, Spring v4.3.25.RELEASE
2021-09-09 20:06:54 - The following profiles are active: dev
2021-09-09 20:07:02 - Started DemoApplication in 8.235 seconds (JVM running for 8.875)
2021-09-09 20:07:02 - Application has been launched
2021-09-09 20:09:23 - Starting DemoApplication on TC18323556 with PID 15132 (started by TCACAKMAK in D:\personally projects\spring-boot-prime-faces-master)
2021-09-09 20:09:23 - Running with Spring Boot v1.5.22.RELEASE, Spring v4.3.25.RELEASE
2021-09-09 20:09:23 - The following profiles are active: production
2021-09-09 20:10:01 - Starting DemoApplication on TC18323556 with PID 6776 (started by TCACAKMAK in D:\personally projects\spring-boot-prime-faces-master)
2021-09-09 20:10:01 - Running with Spring Boot v1.5.22.RELEASE, Spring v4.3.25.RELEASE
2021-09-09 20:10:01 - The following profiles are active: production
2021-09-09 20:10:07 - Started DemoApplication in 6.639 seconds (JVM running for 7.307)
2021-09-09 20:10:07 - Application has been launched
2021-09-09 20:11:01 - Starting DemoApplication on TC18323556 with PID 10328 (started by TCACAKMAK in D:\personally projects\spring-boot-prime-faces-master)
2021-09-09 20:11:01 - Running with Spring Boot v1.5.22.RELEASE, Spring v4.3.25.RELEASE
2021-09-09 20:11:01 - The following profiles are active: dev
2021-09-09 20:11:09 - Started DemoApplication in 7.842 seconds (JVM running for 8.454)
2021-09-09 20:11:09 - Application has been launched
2021-09-09 20:15:27 - Starting DemoApplication on TC18323556 with PID 20600 (started by TCACAKMAK in D:\personally projects\spring-boot-prime-faces-master)
2021-09-09 20:15:27 - Running with Spring Boot v1.5.22.RELEASE, Spring v4.3.25.RELEASE
2021-09-09 20:15:27 - The following profiles are active: dev
2021-09-09 20:15:36 - Started DemoApplication in 10.096 seconds (JVM running for 10.807)
2021-09-09 20:15:36 - Application has been launched
2021-09-09 20:17:17 - Starting DemoApplication on TC18323556 with PID 5956 (started by TCACAKMAK in D:\personally projects\spring-boot-prime-faces-master)
2021-09-09 20:17:17 - Running with Spring Boot v1.5.22.RELEASE, Spring v4.3.25.RELEASE
2021-09-09 20:17:17 - The following profiles are active: dev
2021-09-09 20:17:27 - Started DemoApplication in 10.312 seconds (JVM running for 11.356)
2021-09-09 20:17:27 - Application has been launched
2021-09-09 20:21:50 - Starting DemoApplication on TC18323556 with PID 1188 (started by TCACAKMAK in D:\personally projects\spring-boot-prime-faces-master)
2021-09-09 20:21:50 - Running with Spring Boot v1.5.22.RELEASE, Spring v4.3.25.RELEASE
2021-09-09 20:21:50 - The following profiles are active: dev
2021-09-09 20:22:02 - Started DemoApplication in 13.043 seconds (JVM running for 14.797)
2021-09-09 20:22:02 - Application has been launched
2021-09-09 20:23:15 - Starting DemoApplication on TC18323556 with PID 16396 (started by TCACAKMAK in D:\personally projects\spring-boot-prime-faces-master)
2021-09-09 20:23:15 - Running with Spring Boot v1.5.22.RELEASE, Spring v4.3.25.RELEASE
2021-09-09 20:23:15 - The following profiles are active: dev
2021-09-09 20:23:21 - Started DemoApplication in 7.031 seconds (JVM running for 7.673)
2021-09-09 20:23:21 - Application has been launched
2021-09-09 20:24:18 - Starting DemoApplication on TC18323556 with PID 23392 (started by TCACAKMAK in D:\personally projects\spring-boot-prime-faces-master)
2021-09-09 20:24:18 - Running with Spring Boot v1.5.22.RELEASE, Spring v4.3.25.RELEASE
2021-09-09 20:24:18 - The following profiles are active: dev
2021-09-09 20:24:27 - Started DemoApplication in 9.137 seconds (JVM running for 9.87)
2021-09-09 20:24:27 - Application has been launched
2021-09-09 20:29:33 - Starting DemoApplication on TC18323556 with PID 24348 (started by TCACAKMAK in D:\personally projects\spring-boot-prime-faces-master)
2021-09-09 20:29:33 - Running with Spring Boot v1.5.22.RELEASE, Spring v4.3.25.RELEASE
2021-09-09 20:29:33 - The following profiles are active: dev
2021-09-09 20:29:42 - Started DemoApplication in 9.354 seconds (JVM running for 10.225)
2021-09-09 20:29:42 - Application has been launched
2021-09-09 20:30:33 - Starting DemoApplication on TC18323556 with PID 4580 (started by TCACAKMAK in D:\personally projects\spring-boot-prime-faces-master)
2021-09-09 20:30:33 - Running with Spring Boot v1.5.22.RELEASE, Spring v4.3.25.RELEASE
2021-09-09 20:30:33 - The following profiles are active: dev
2021-09-09 20:30:42 - Started DemoApplication in 9.411 seconds (JVM running for 10.18)
2021-09-09 20:30:42 - Application has been launched
2021-09-09 20:39:56 - Starting DemoApplication on TC18323556 with PID 19816 (started by TCACAKMAK in D:\personally projects\spring-boot-prime-faces-master)
2021-09-09 20:39:56 - Running with Spring Boot v1.5.22.RELEASE, Spring v4.3.25.RELEASE
2021-09-09 20:39:56 - The following profiles are active: dev
2021-09-09 20:42:35 - Starting DemoApplicationTests on TC18323556 with PID 34100 (started by TCACAKMAK in D:\personally projects\spring-boot-prime-faces-master)
2021-09-09 20:42:35 - Running with Spring Boot v1.5.22.RELEASE, Spring v4.3.25.RELEASE
2021-09-09 20:42:35 - The following profiles are active: dev
2021-09-09 21:49:18 - Starting DemoApplication on TC18323556 with PID 25512 (started by TCACAKMAK in D:\personally projects\spring-boot-prime-faces-master)
2021-09-09 21:49:18 - Running with Spring Boot v1.5.22.RELEASE, Spring v4.3.25.RELEASE
2021-09-09 21:49:18 - The following profiles are active: dev
2021-09-09 21:49:25 - Started DemoApplication in 7.828 seconds (JVM running for 8.424)
2021-09-09 21:49:25 - Application has been launched
2021-09-09 21:53:20 - Starting DemoApplication on TC18323556 with PID 31764 (started by TCACAKMAK in D:\personally projects\spring-boot-prime-faces-master)
2021-09-09 21:53:20 - Running with Spring Boot v1.5.22.RELEASE, Spring v4.3.25.RELEASE
2021-09-09 21:53:20 - The following profiles are active: dev
2021-09-09 21:53:28 - Started DemoApplication in 7.532 seconds (JVM running for 8.358)
2021-09-09 21:53:28 - Application has been launched
2021-09-09 21:55:09 - Starting DemoApplication on TC18323556 with PID 26752 (started by TCACAKMAK in D:\personally projects\spring-boot-prime-faces-master)
2021-09-09 21:55:09 - Running with Spring Boot v1.5.22.RELEASE, Spring v4.3.25.RELEASE
2021-09-09 21:55:09 - The following profiles are active: dev
2021-09-09 21:55:17 - Started DemoApplication in 8.43 seconds (JVM running for 9.249)
2021-09-09 21:55:17 - Application has been launched
2021-09-09 22:10:13 - Starting DemoApplication on TC18323556 with PID 12632 (started by TCACAKMAK in D:\personally projects\spring-boot-prime-faces-master)
2021-09-09 22:10:13 - Running with Spring Boot v1.5.22.RELEASE, Spring v4.3.25.RELEASE
2021-09-09 22:10:13 - The following profiles are active: dev
2021-09-09 22:10:19 - Started DemoApplication in 6.602 seconds (JVM running for 7.219)
2021-09-09 22:10:19 - Application has been launched
2021-09-09 22:11:12 - Starting DemoApplication on TC18323556 with PID 17484 (started by TCACAKMAK in D:\personally projects\spring-boot-prime-faces-master)
2021-09-09 22:11:12 - Running with Spring Boot v1.5.22.RELEASE, Spring v4.3.25.RELEASE
2021-09-09 22:11:12 - The following profiles are active: dev
2021-09-09 22:11:20 - Started DemoApplication in 8.564 seconds (JVM running for 9.419)
2021-09-09 22:11:20 - Application has been launched
2021-09-09 22:17:18 - Starting DemoApplication on TC18323556 with PID 25696 (started by TCACAKMAK in D:\personally projects\spring-boot-prime-faces-master)
2021-09-09 22:17:18 - Running with Spring Boot v1.5.22.RELEASE, Spring v4.3.25.RELEASE
2021-09-09 22:17:18 - The following profiles are active: dev
2021-09-09 22:17:25 - Started DemoApplication in 6.775 seconds (JVM running for 7.367)
2021-09-09 22:17:25 - Application has been launched
2021-09-09 22:18:55 - Starting DemoApplication on TC18323556 with PID 2440 (started by TCACAKMAK in D:\personally projects\spring-boot-prime-faces-master)
2021-09-09 22:18:55 - Running with Spring Boot v1.5.22.RELEASE, Spring v4.3.25.RELEASE
2021-09-09 22:18:55 - The following profiles are active: dev
2021-09-09 22:19:02 - Started DemoApplication in 7.723 seconds (JVM running for 8.391)
2021-09-09 22:19:02 - Application has been launched
2021-09-09 22:21:00 - Starting DemoApplication on TC18323556 with PID 23188 (started by TCACAKMAK in D:\personally projects\spring-boot-prime-faces-master)
2021-09-09 22:21:00 - Running with Spring Boot v1.5.22.RELEASE, Spring v4.3.25.RELEASE
2021-09-09 22:21:00 - The following profiles are active: dev
2021-09-09 22:21:09 - Starting DemoApplication on TC18323556 with PID 17960 (started by TCACAKMAK in D:\personally projects\spring-boot-prime-faces-master)
2021-09-09 22:21:09 - Running with Spring Boot v1.5.22.RELEASE, Spring v4.3.25.RELEASE
2021-09-09 22:21:09 - The following profiles are active: dev
2021-09-09 22:21:15 - Started DemoApplication in 6.511 seconds (JVM running for 7.075)
2021-09-09 22:21:15 - Application has been launched
2021-09-09 22:22:03 - Starting DemoApplication on TC18323556 with PID 27252 (started by TCACAKMAK in D:\personally projects\spring-boot-prime-faces-master)
2021-09-09 22:22:03 - Running with Spring Boot v1.5.22.RELEASE, Spring v4.3.25.RELEASE
2021-09-09 22:22:03 - The following profiles are active: dev
2021-09-09 22:22:11 - Started DemoApplication in 8.035 seconds (JVM running for 8.835)
2021-09-09 22:22:11 - Application has been launched
2021-09-09 22:23:17 - Starting DemoApplication on TC18323556 with PID 31100 (started by TCACAKMAK in D:\personally projects\spring-boot-prime-faces-master)
2021-09-09 22:23:17 - Running with Spring Boot v1.5.22.RELEASE, Spring v4.3.25.RELEASE
2021-09-09 22:23:17 - The following profiles are active: dev
2021-09-09 22:23:23 - Started DemoApplication in 6.498 seconds (JVM running for 7.172)
2021-09-09 22:23:23 - Application has been launched
2021-09-09 22:24:33 - Starting DemoApplication on TC18323556 with PID 26312 (started by TCACAKMAK in D:\personally projects\spring-boot-prime-faces-master)
2021-09-09 22:24:33 - Running with Spring Boot v1.5.22.RELEASE, Spring v4.3.25.RELEASE
2021-09-09 22:24:33 - The following profiles are active: dev
2021-09-09 22:24:41 - Started DemoApplication in 8.206 seconds (JVM running for 8.824)
2021-09-09 22:24:41 - Application has been launched
2021-09-09 22:26:52 - Starting DemoApplication on TC18323556 with PID 31328 (started by TCACAKMAK in D:\personally projects\spring-boot-prime-faces-master)
2021-09-09 22:26:52 - Running with Spring Boot v1.5.22.RELEASE, Spring v4.3.25.RELEASE
2021-09-09 22:26:52 - The following profiles are active: dev
2021-09-09 22:27:01 - Started DemoApplication in 10.066 seconds (JVM running for 11.021)
2021-09-09 22:27:01 - Application has been launched
2021-09-09 22:28:23 - Starting DemoApplication on TC18323556 with PID 34088 (started by TCACAKMAK in D:\personally projects\spring-boot-prime-faces-master)
2021-09-09 22:28:23 - Running with Spring Boot v1.5.22.RELEASE, Spring v4.3.25.RELEASE
2021-09-09 22:28:23 - The following profiles are active: dev
2021-09-09 22:28:30 - Started DemoApplication in 6.788 seconds (JVM running for 7.385)
2021-09-09 22:28:30 - Application has been launched
2021-09-09 22:33:29 - Starting DemoApplication on TC18323556 with PID 14268 (started by TCACAKMAK in D:\personally projects\spring-boot-prime-faces-master)
2021-09-09 22:33:29 - Running with Spring Boot v1.5.22.RELEASE, Spring v4.3.25.RELEASE
2021-09-09 22:33:29 - The following profiles are active: dev
2021-09-09 22:33:35 - Started DemoApplication in 6.303 seconds (JVM running for 6.908)
2021-09-09 22:33:35 - Application has been launched
2021-09-09 22:35:08 - Starting DemoApplication on TC18323556 with PID 25384 (started by TCACAKMAK in D:\personally projects\spring-boot-prime-faces-master)
2021-09-09 22:35:08 - Running with Spring Boot v1.5.22.RELEASE, Spring v4.3.25.RELEASE
2021-09-09 22:35:08 - The following profiles are active: dev
2021-09-09 22:35:15 - Started DemoApplication in 7.446 seconds (JVM running for 8.067)
2021-09-09 22:35:15 - Application has been launched
