2021-09-10 00:05:13 - Starting DemoApplication on TC18323556 with PID 33492 (started by TCACAKMAK in D:\personally projects\spring-boot-prime-faces-master)
2021-09-10 00:05:13 - Running with Spring Boot v1.5.22.RELEASE, Spring v4.3.25.RELEASE
2021-09-10 00:05:13 - The following profiles are active: dev
2021-09-10 00:05:20 - Started DemoApplication in 7.006 seconds (JVM running for 7.615)
2021-09-10 00:05:20 - Application has been launched
2021-09-10 00:09:50 - Starting DemoApplication on TC18323556 with PID 17792 (started by TCACAKMAK in D:\personally projects\spring-boot-prime-faces-master)
2021-09-10 00:09:50 - Running with Spring Boot v1.5.22.RELEASE, Spring v4.3.25.RELEASE
2021-09-10 00:09:50 - The following profiles are active: dev
2021-09-10 00:09:58 - Started DemoApplication in 7.732 seconds (JVM running for 8.311)
2021-09-10 00:09:58 - Application has been launched
2021-09-10 00:11:57 - Starting DemoApplication on TC18323556 with PID 26312 (started by TCACAKMAK in D:\personally projects\spring-boot-prime-faces-master)
2021-09-10 00:11:57 - Running with Spring Boot v1.5.22.RELEASE, Spring v4.3.25.RELEASE
2021-09-10 00:11:57 - The following profiles are active: dev
2021-09-10 00:12:03 - Started DemoApplication in 6.341 seconds (JVM running for 6.956)
2021-09-10 00:12:03 - Application has been launched
2021-09-10 00:26:47 - Starting DemoApplicationTests on TC18323556 with PID 1836 (started by TCACAKMAK in D:\personally projects\spring-boot-prime-faces-master)
2021-09-10 00:26:47 - Running with Spring Boot v1.5.22.RELEASE, Spring v4.3.25.RELEASE
2021-09-10 00:26:47 - The following profiles are active: dev
2021-09-10 00:27:04 - Starting DemoApplication on TC18323556 with PID 19256 (started by TCACAKMAK in D:\personally projects\spring-boot-prime-faces-master)
2021-09-10 00:27:04 - Running with Spring Boot v1.5.22.RELEASE, Spring v4.3.25.RELEASE
2021-09-10 00:27:04 - The following profiles are active: dev
2021-09-10 00:27:53 - Starting DemoApplicationTests on TC18323556 with PID 30044 (started by TCACAKMAK in D:\personally projects\spring-boot-prime-faces-master)
2021-09-10 00:27:53 - Running with Spring Boot v1.5.22.RELEASE, Spring v4.3.25.RELEASE
2021-09-10 00:27:53 - The following profiles are active: dev
2021-09-10 00:29:42 - Starting DemoApplicationTests on TC18323556 with PID 26736 (started by TCACAKMAK in D:\personally projects\spring-boot-prime-faces-master)
2021-09-10 00:29:42 - Running with Spring Boot v1.5.22.RELEASE, Spring v4.3.25.RELEASE
2021-09-10 00:29:42 - The following profiles are active: dev
2021-09-10 00:30:37 - Starting DemoApplicationTests on TC18323556 with PID 33312 (started by TCACAKMAK in D:\personally projects\spring-boot-prime-faces-master)
2021-09-10 00:30:37 - Running with Spring Boot v1.5.22.RELEASE, Spring v4.3.25.RELEASE
2021-09-10 00:30:37 - The following profiles are active: dev
2021-09-10 00:31:23 - Starting DemoApplicationTests on TC18323556 with PID 18316 (started by TCACAKMAK in D:\personally projects\spring-boot-prime-faces-master)
2021-09-10 00:31:23 - Running with Spring Boot v1.5.22.RELEASE, Spring v4.3.25.RELEASE
2021-09-10 00:31:23 - The following profiles are active: dev
2021-09-10 00:32:08 - Starting DemoApplicationTests on TC18323556 with PID 29000 (started by TCACAKMAK in D:\personally projects\spring-boot-prime-faces-master)
2021-09-10 00:32:08 - Running with Spring Boot v1.5.22.RELEASE, Spring v4.3.25.RELEASE
2021-09-10 00:32:08 - The following profiles are active: dev
2021-09-10 00:32:31 - Starting DemoApplication on TC18323556 with PID 18096 (started by TCACAKMAK in D:\personally projects\spring-boot-prime-faces-master)
2021-09-10 00:32:31 - Running with Spring Boot v1.5.22.RELEASE, Spring v4.3.25.RELEASE
2021-09-10 00:32:31 - The following profiles are active: dev
2021-09-10 00:32:39 - Started DemoApplication in 8.262 seconds (JVM running for 8.855)
2021-09-10 00:32:39 - Application has been launched
2021-09-10 00:32:54 - Starting DemoApplication on TC18323556 with PID 6996 (started by TCACAKMAK in D:\personally projects\spring-boot-prime-faces-master)
2021-09-10 00:32:54 - Running with Spring Boot v1.5.22.RELEASE, Spring v4.3.25.RELEASE
2021-09-10 00:32:54 - The following profiles are active: dev
2021-09-10 00:33:01 - Started DemoApplication in 7.163 seconds (JVM running for 7.921)
2021-09-10 00:33:01 - Application has been launched
2021-09-10 00:33:07 - User not found: 
2021-09-10 00:39:25 - Starting DemoApplication on TC18323556 with PID 24764 (started by TCACAKMAK in D:\personally projects\spring-boot-prime-faces-master)
2021-09-10 00:39:25 - Running with Spring Boot v1.5.22.RELEASE, Spring v4.3.25.RELEASE
2021-09-10 00:39:25 - The following profiles are active: dev
2021-09-10 00:39:34 - Started DemoApplication in 8.902 seconds (JVM running for 11.748)
2021-09-10 00:39:34 - Application has been launched
2021-09-10 00:39:57 - Starting DemoApplication on TC18323556 with PID 15888 (started by TCACAKMAK in D:\personally projects\spring-boot-prime-faces-master)
2021-09-10 00:39:57 - Running with Spring Boot v1.5.22.RELEASE, Spring v4.3.25.RELEASE
2021-09-10 00:39:57 - The following profiles are active: dev
2021-09-10 00:40:10 - Started DemoApplication in 13.723 seconds (JVM running for 15.771)
2021-09-10 00:40:10 - Application has been launched
2021-09-10 00:42:17 - Starting DemoApplication on TC18323556 with PID 32492 (started by TCACAKMAK in D:\personally projects\spring-boot-prime-faces-master)
2021-09-10 00:42:17 - Running with Spring Boot v1.5.22.RELEASE, Spring v4.3.25.RELEASE
2021-09-10 00:42:17 - The following profiles are active: dev
2021-09-10 00:42:25 - Started DemoApplication in 8.456 seconds (JVM running for 9.385)
2021-09-10 00:42:25 - Application has been launched
2021-09-10 00:43:31 - Starting DemoApplication on TC18323556 with PID 19040 (started by TCACAKMAK in D:\personally projects\spring-boot-prime-faces-master)
2021-09-10 00:43:31 - Running with Spring Boot v1.5.22.RELEASE, Spring v4.3.25.RELEASE
2021-09-10 00:43:31 - The following profiles are active: dev
2021-09-10 00:43:42 - Started DemoApplication in 11.402 seconds (JVM running for 12.133)
2021-09-10 00:43:42 - Application has been launched
2021-09-10 00:44:42 - Starting DemoApplicationTests on TC18323556 with PID 31236 (started by TCACAKMAK in D:\personally projects\spring-boot-prime-faces-master)
2021-09-10 00:44:42 - Running with Spring Boot v1.5.22.RELEASE, Spring v4.3.25.RELEASE
2021-09-10 00:44:42 - The following profiles are active: dev
2021-09-10 00:45:29 - Starting DemoApplicationTests on TC18323556 with PID 12640 (started by TCACAKMAK in D:\personally projects\spring-boot-prime-faces-master)
2021-09-10 00:45:29 - Running with Spring Boot v1.5.22.RELEASE, Spring v4.3.25.RELEASE
2021-09-10 00:45:29 - The following profiles are active: dev
2021-09-10 00:45:48 - Starting DemoApplication on TC18323556 with PID 6072 (started by TCACAKMAK in D:\personally projects\spring-boot-prime-faces-master)
2021-09-10 00:45:48 - Running with Spring Boot v1.5.22.RELEASE, Spring v4.3.25.RELEASE
2021-09-10 00:45:48 - The following profiles are active: dev
2021-09-10 00:46:26 - Starting DemoApplication on TC18323556 with PID 33780 (started by TCACAKMAK in D:\personally projects\spring-boot-prime-faces-master)
2021-09-10 00:46:26 - Running with Spring Boot v1.5.22.RELEASE, Spring v4.3.25.RELEASE
2021-09-10 00:46:26 - The following profiles are active: dev
2021-09-10 00:47:24 - Starting DemoApplicationTests on TC18323556 with PID 16292 (started by TCACAKMAK in D:\personally projects\spring-boot-prime-faces-master)
2021-09-10 00:47:24 - Running with Spring Boot v1.5.22.RELEASE, Spring v4.3.25.RELEASE
2021-09-10 00:47:24 - The following profiles are active: dev
2021-09-10 00:47:34 - Starting DemoApplication on TC18323556 with PID 10220 (started by TCACAKMAK in D:\personally projects\spring-boot-prime-faces-master)
2021-09-10 00:47:34 - Running with Spring Boot v1.5.22.RELEASE, Spring v4.3.25.RELEASE
2021-09-10 00:47:34 - The following profiles are active: dev
2021-09-10 00:49:54 - Starting DemoApplicationTests on TC18323556 with PID 20980 (started by TCACAKMAK in D:\personally projects\spring-boot-prime-faces-master)
2021-09-10 00:49:54 - Running with Spring Boot v1.5.22.RELEASE, Spring v4.3.25.RELEASE
2021-09-10 00:49:54 - The following profiles are active: dev
2021-09-10 00:50:11 - Starting DemoApplication on TC18323556 with PID 29332 (started by TCACAKMAK in D:\personally projects\spring-boot-prime-faces-master)
2021-09-10 00:50:11 - Running with Spring Boot v1.5.22.RELEASE, Spring v4.3.25.RELEASE
2021-09-10 00:50:11 - The following profiles are active: dev
2021-09-10 01:04:03 - Starting DemoApplicationTests on TC18323556 with PID 18672 (started by TCACAKMAK in D:\personally projects\spring-boot-prime-faces-master)
2021-09-10 01:04:03 - Running with Spring Boot v1.5.22.RELEASE, Spring v4.3.25.RELEASE
2021-09-10 01:04:03 - The following profiles are active: dev
2021-09-10 01:04:39 - Starting DemoApplication on TC18323556 with PID 24528 (started by TCACAKMAK in D:\personally projects\spring-boot-prime-faces-master)
2021-09-10 01:04:39 - Running with Spring Boot v1.5.22.RELEASE, Spring v4.3.25.RELEASE
2021-09-10 01:04:39 - The following profiles are active: dev
2021-09-10 01:04:50 - Started DemoApplication in 11.781 seconds (JVM running for 13.237)
2021-09-10 01:04:50 - Application has been launched
2021-09-10 01:06:45 - Starting DemoApplication on TC18323556 with PID 16144 (started by TCACAKMAK in D:\personally projects\spring-boot-prime-faces-master)
2021-09-10 01:06:45 - Running with Spring Boot v1.5.22.RELEASE, Spring v4.3.25.RELEASE
2021-09-10 01:06:45 - The following profiles are active: dev
2021-09-10 01:06:53 - Started DemoApplication in 9.015 seconds (JVM running for 9.792)
2021-09-10 01:06:53 - Application has been launched
2021-09-10 09:28:04 - Starting DemoApplication on TC18323556 with PID 29932 (started by TCACAKMAK in D:\personally projects\spring-boot-prime-faces-master)
2021-09-10 09:28:04 - Running with Spring Boot v1.5.22.RELEASE, Spring v4.3.25.RELEASE
2021-09-10 09:28:04 - The following profiles are active: dev
2021-09-10 09:28:50 - Starting DemoApplication on TC18323556 with PID 35168 (started by TCACAKMAK in D:\personally projects\spring-boot-prime-faces-master)
2021-09-10 09:28:50 - Running with Spring Boot v1.5.22.RELEASE, Spring v4.3.25.RELEASE
2021-09-10 09:28:50 - The following profiles are active: dev
2021-09-10 09:28:59 - Started DemoApplication in 9.233 seconds (JVM running for 10.113)
2021-09-10 09:28:59 - Application has been launched
2021-09-10 09:56:59 - Starting DemoApplication on TC18323556 with PID 11252 (started by TCACAKMAK in D:\personally projects\spring-boot-prime-faces-master)
2021-09-10 09:56:59 - Running with Spring Boot v1.5.22.RELEASE, Spring v4.3.25.RELEASE
2021-09-10 09:56:59 - The following profiles are active: dev
2021-09-10 09:57:53 - Starting DemoApplicationTests on TC18323556 with PID 2016 (started by TCACAKMAK in D:\personally projects\spring-boot-prime-faces-master)
2021-09-10 09:57:53 - Running with Spring Boot v1.5.22.RELEASE, Spring v4.3.25.RELEASE
2021-09-10 09:57:53 - The following profiles are active: dev
2021-09-10 09:58:27 - Starting DemoApplication on TC18323556 with PID 30444 (started by TCACAKMAK in D:\personally projects\spring-boot-prime-faces-master)
2021-09-10 09:58:27 - Running with Spring Boot v1.5.22.RELEASE, Spring v4.3.25.RELEASE
2021-09-10 09:58:27 - The following profiles are active: dev
2021-09-10 09:58:49 - Starting DemoApplication on TC18323556 with PID 4080 (started by TCACAKMAK in D:\personally projects\spring-boot-prime-faces-master)
2021-09-10 09:58:49 - Running with Spring Boot v1.5.22.RELEASE, Spring v4.3.25.RELEASE
2021-09-10 09:58:49 - The following profiles are active: dev
2021-09-10 09:58:57 - Started DemoApplication in 8.612 seconds (JVM running for 9.188)
2021-09-10 09:58:57 - Application has been launched
2021-09-10 10:00:18 - Starting DemoApplication on TC18323556 with PID 5696 (started by TCACAKMAK in D:\personally projects\spring-boot-prime-faces-master)
2021-09-10 10:00:18 - Running with Spring Boot v1.5.22.RELEASE, Spring v4.3.25.RELEASE
2021-09-10 10:00:18 - The following profiles are active: dev
2021-09-10 10:01:09 - Starting DemoApplication on TC18323556 with PID 35076 (started by TCACAKMAK in D:\personally projects\spring-boot-prime-faces-master)
2021-09-10 10:01:09 - Running with Spring Boot v1.5.22.RELEASE, Spring v4.3.25.RELEASE
2021-09-10 10:01:09 - The following profiles are active: dev
2021-09-10 10:01:16 - Started DemoApplication in 7.521 seconds (JVM running for 8.108)
2021-09-10 10:01:16 - Application has been launched
2021-09-10 10:07:16 - Starting DemoApplication on TC18323556 with PID 34244 (started by TCACAKMAK in D:\personally projects\spring-boot-prime-faces-master)
2021-09-10 10:07:16 - Running with Spring Boot v1.5.22.RELEASE, Spring v4.3.25.RELEASE
2021-09-10 10:07:16 - The following profiles are active: dev
2021-09-10 10:07:22 - Started DemoApplication in 6.436 seconds (JVM running for 7.163)
2021-09-10 10:07:22 - Application has been launched
2021-09-10 10:08:10 - Starting DemoApplication on TC18323556 with PID 21192 (started by TCACAKMAK in D:\personally projects\spring-boot-prime-faces-master)
2021-09-10 10:08:10 - Running with Spring Boot v1.5.22.RELEASE, Spring v4.3.25.RELEASE
2021-09-10 10:08:10 - The following profiles are active: dev
2021-09-10 10:08:19 - Started DemoApplication in 9.491 seconds (JVM running for 10.358)
2021-09-10 10:08:19 - Application has been launched
2021-09-10 10:08:37 - Starting DemoApplication on TC18323556 with PID 10408 (started by TCACAKMAK in D:\personally projects\spring-boot-prime-faces-master)
2021-09-10 10:08:37 - Running with Spring Boot v1.5.22.RELEASE, Spring v4.3.25.RELEASE
2021-09-10 10:08:37 - The following profiles are active: dev
2021-09-10 10:09:13 - Started DemoApplication in 36.877 seconds (JVM running for 37.714)
2021-09-10 10:09:13 - Application has been launched
2021-09-10 10:10:55 - Starting DemoApplication on TC18323556 with PID 7328 (started by TCACAKMAK in D:\personally projects\spring-boot-prime-faces-master)
2021-09-10 10:10:55 - Running with Spring Boot v1.5.22.RELEASE, Spring v4.3.25.RELEASE
2021-09-10 10:10:55 - The following profiles are active: dev
2021-09-10 10:11:01 - Started DemoApplication in 7.152 seconds (JVM running for 7.713)
2021-09-10 10:11:01 - Application has been launched
2021-09-10 10:14:02 - Starting DemoApplicationTests on TC18323556 with PID 18152 (started by TCACAKMAK in D:\personally projects\spring-boot-prime-faces-master)
2021-09-10 10:14:02 - Running with Spring Boot v1.5.22.RELEASE, Spring v4.3.25.RELEASE
2021-09-10 10:14:02 - The following profiles are active: dev
2021-09-10 10:14:16 - Starting DemoApplication on TC18323556 with PID 6712 (started by TCACAKMAK in D:\personally projects\spring-boot-prime-faces-master)
2021-09-10 10:14:16 - Running with Spring Boot v1.5.22.RELEASE, Spring v4.3.25.RELEASE
2021-09-10 10:14:16 - The following profiles are active: dev
2021-09-10 10:14:24 - Started DemoApplication in 8.302 seconds (JVM running for 8.952)
2021-09-10 10:14:24 - Application has been launched
2021-09-10 10:17:51 - Starting DemoApplication on TC18323556 with PID 35528 (started by TCACAKMAK in D:\personally projects\spring-boot-prime-faces-master)
2021-09-10 10:17:51 - Running with Spring Boot v1.5.22.RELEASE, Spring v4.3.25.RELEASE
2021-09-10 10:17:51 - The following profiles are active: dev
2021-09-10 10:17:57 - Started DemoApplication in 6.712 seconds (JVM running for 7.31)
2021-09-10 10:17:57 - Application has been launched
