2021-04-24 15:18:17 - Starting DemoApplication on TC18323556 with PID 12004 (started by TCACAKMAK in D:\personally projects\spring-boot-prime-faces-master)
2021-04-24 15:18:17 - Running with Spring Boot v1.5.22.RELEASE, Spring v4.3.25.RELEASE
2021-04-24 15:18:17 - The following profiles are active: dev
2021-04-24 15:18:33 - Starting DemoApplication on TC18323556 with PID 30556 (started by TCACAKMAK in D:\personally projects\spring-boot-prime-faces-master)
2021-04-24 15:18:33 - Running with Spring Boot v1.5.22.RELEASE, Spring v4.3.25.RELEASE
2021-04-24 15:18:33 - The following profiles are active: dev
2021-04-24 15:19:33 - Starting DemoApplication on TC18323556 with PID 19788 (started by TCACAKMAK in D:\personally projects\spring-boot-prime-faces-master)
2021-04-24 15:19:33 - Running with Spring Boot v1.5.22.RELEASE, Spring v4.3.25.RELEASE
2021-04-24 15:19:33 - The following profiles are active: dev
2021-04-24 15:20:18 - Starting DemoApplicationTests on TC18323556 with PID 30256 (started by TCACAKMAK in D:\personally projects\spring-boot-prime-faces-master)
2021-04-24 15:20:18 - Running with Spring Boot v1.5.22.RELEASE, Spring v4.3.25.RELEASE
2021-04-24 15:20:18 - The following profiles are active: dev
2021-04-24 15:24:07 - Starting DemoApplication on TC18323556 with PID 15932 (started by TCACAKMAK in D:\personally projects\spring-boot-prime-faces-master)
2021-04-24 15:24:07 - Running with Spring Boot v1.5.22.RELEASE, Spring v4.3.25.RELEASE
2021-04-24 15:24:07 - The following profiles are active: dev
2021-04-24 15:24:15 - Started DemoApplication in 7.567 seconds (JVM running for 8.332)
2021-04-24 15:24:15 - Application has been launched
2021-04-24 15:25:32 - User not found: 
2021-04-24 15:25:32 - User not found: 
2021-04-24 15:26:00 - User not found: dont@cry.com
2021-04-24 15:26:00 - User not found: dont@cry.com
2021-04-24 15:26:19 - User not found: 1
2021-04-24 15:26:19 - User not found: 1
2021-04-24 15:47:47 - Starting DemoApplication on TC18323556 with PID 30132 (started by TCACAKMAK in D:\personally projects\spring-boot-prime-faces-master)
2021-04-24 15:47:47 - Running with Spring Boot v1.5.22.RELEASE, Spring v4.3.25.RELEASE
2021-04-24 15:47:47 - The following profiles are active: dev
2021-04-24 15:47:54 - Started DemoApplication in 6.43 seconds (JVM running for 7.037)
2021-04-24 15:47:54 - Application has been launched
2021-04-24 15:48:10 - User not found: a.yasin.ckmk@gmail.com
2021-04-24 15:48:10 - User not found: a.yasin.ckmk@gmail.com
2021-04-24 15:58:34 - Starting DemoApplication on TC18323556 with PID 10936 (started by TCACAKMAK in D:\personally projects\spring-boot-prime-faces-master)
2021-04-24 15:58:34 - Running with Spring Boot v1.5.22.RELEASE, Spring v4.3.25.RELEASE
2021-04-24 15:58:34 - The following profiles are active: dev
2021-04-24 15:58:42 - Started DemoApplication in 8.309 seconds (JVM running for 9.062)
2021-04-24 15:58:42 - Application has been launched
2021-04-24 15:58:49 - User not found: a.yasin.ckmk@gmail.com
2021-04-24 15:58:49 - User not found: a.yasin.ckmk@gmail.com
2021-04-24 15:59:44 - Starting DemoApplication on TC18323556 with PID 8732 (started by TCACAKMAK in D:\personally projects\spring-boot-prime-faces-master)
2021-04-24 15:59:44 - Running with Spring Boot v1.5.22.RELEASE, Spring v4.3.25.RELEASE
2021-04-24 15:59:44 - The following profiles are active: dev
2021-04-24 15:59:52 - Started DemoApplication in 8.08 seconds (JVM running for 8.81)
2021-04-24 15:59:52 - Application has been launched
2021-04-24 16:06:34 - Starting DemoApplication on TC18323556 with PID 28120 (started by TCACAKMAK in D:\personally projects\spring-boot-prime-faces-master)
2021-04-24 16:06:34 - Running with Spring Boot v1.5.22.RELEASE, Spring v4.3.25.RELEASE
2021-04-24 16:06:34 - The following profiles are active: dev
2021-04-24 16:06:41 - Started DemoApplication in 8.104 seconds (JVM running for 8.827)
2021-04-24 16:06:41 - Application has been launched
2021-04-24 17:19:27 - Starting DemoApplication on TC18323556 with PID 19316 (started by TCACAKMAK in D:\personally projects\spring-boot-prime-faces-master)
2021-04-24 17:19:27 - Running with Spring Boot v1.5.22.RELEASE, Spring v4.3.25.RELEASE
2021-04-24 17:19:27 - The following profiles are active: dev
2021-04-24 17:19:35 - Started DemoApplication in 8.596 seconds (JVM running for 9.477)
2021-04-24 17:19:35 - Application has been launched
2021-04-24 17:21:42 - Starting DemoApplication on TC18323556 with PID 20748 (started by TCACAKMAK in D:\personally projects\spring-boot-prime-faces-master)
2021-04-24 17:21:42 - Running with Spring Boot v1.5.22.RELEASE, Spring v4.3.25.RELEASE
2021-04-24 17:21:42 - The following profiles are active: dev
2021-04-24 17:21:50 - Started DemoApplication in 8.458 seconds (JVM running for 9.254)
2021-04-24 17:21:50 - Application has been launched
2021-04-24 17:23:32 - Starting DemoApplication on TC18323556 with PID 16848 (started by TCACAKMAK in D:\personally projects\spring-boot-prime-faces-master)
2021-04-24 17:23:32 - Running with Spring Boot v1.5.22.RELEASE, Spring v4.3.25.RELEASE
2021-04-24 17:23:32 - The following profiles are active: dev
2021-04-24 17:23:40 - Started DemoApplication in 8.236 seconds (JVM running for 9.032)
2021-04-24 17:23:40 - Application has been launched
2021-04-24 17:24:07 - Starting DemoApplication on TC18323556 with PID 8808 (started by TCACAKMAK in D:\personally projects\spring-boot-prime-faces-master)
2021-04-24 17:24:07 - Running with Spring Boot v1.5.22.RELEASE, Spring v4.3.25.RELEASE
2021-04-24 17:24:07 - The following profiles are active: dev
2021-04-24 17:24:15 - Started DemoApplication in 8.67 seconds (JVM running for 9.533)
2021-04-24 17:24:15 - Application has been launched
2021-04-24 17:27:13 - Starting DemoApplication on TC18323556 with PID 28104 (started by TCACAKMAK in D:\personally projects\spring-boot-prime-faces-master)
2021-04-24 17:27:13 - Running with Spring Boot v1.5.22.RELEASE, Spring v4.3.25.RELEASE
2021-04-24 17:27:13 - The following profiles are active: dev
2021-04-24 17:27:21 - Started DemoApplication in 8.114 seconds (JVM running for 8.886)
2021-04-24 17:27:21 - Application has been launched
2021-04-24 17:38:16 - Starting DemoApplication on TC18323556 with PID 14124 (started by TCACAKMAK in D:\personally projects\spring-boot-prime-faces-master)
2021-04-24 17:38:16 - Running with Spring Boot v1.5.22.RELEASE, Spring v4.3.25.RELEASE
2021-04-24 17:38:16 - The following profiles are active: dev
2021-04-24 17:38:24 - Started DemoApplication in 8.667 seconds (JVM running for 9.501)
2021-04-24 17:38:24 - Application has been launched
2021-04-24 17:54:32 - Starting DemoApplication on TC18323556 with PID 27176 (started by TCACAKMAK in D:\personally projects\spring-boot-prime-faces-master)
2021-04-24 17:54:32 - Running with Spring Boot v1.5.22.RELEASE, Spring v4.3.25.RELEASE
2021-04-24 17:54:32 - The following profiles are active: dev
2021-04-24 17:54:44 - Started DemoApplication in 13.104 seconds (JVM running for 14.042)
2021-04-24 17:54:44 - Application has been launched
2021-04-24 17:57:20 - Starting DemoApplication on TC18323556 with PID 30268 (started by TCACAKMAK in D:\personally projects\spring-boot-prime-faces-master)
2021-04-24 17:57:20 - Running with Spring Boot v1.5.22.RELEASE, Spring v4.3.25.RELEASE
2021-04-24 17:57:20 - The following profiles are active: dev
2021-04-24 17:57:28 - Started DemoApplication in 8.365 seconds (JVM running for 9.213)
2021-04-24 17:57:28 - Application has been launched
