2021-04-26 08:51:24 - Critical error during deployment: 
com.sun.faces.config.ConfigurationException: Factory 'javax.faces.context.ExceptionHandlerFactory' was not configured properly.
	at com.sun.faces.config.processor.FactoryConfigProcessor.verifyFactoriesExist(FactoryConfigProcessor.java:330)
	at com.sun.faces.config.processor.FactoryConfigProcessor.process(FactoryConfigProcessor.java:236)
	at com.sun.faces.config.ConfigManager.initialize(ConfigManager.java:435)
	at com.sun.faces.config.ConfigureListener.contextInitialized(ConfigureListener.java:221)
	at org.eclipse.jetty.server.handler.ContextHandler.callContextInitialized(ContextHandler.java:959)
	at org.eclipse.jetty.servlet.ServletContextHandler.callContextInitialized(ServletContextHandler.java:553)
	at org.eclipse.jetty.server.handler.ContextHandler.startContext(ContextHandler.java:924)
	at org.eclipse.jetty.servlet.ServletContextHandler.startContext(ServletContextHandler.java:365)
	at org.eclipse.jetty.webapp.WebAppContext.startWebapp(WebAppContext.java:1497)
	at org.eclipse.jetty.webapp.WebAppContext.startContext(WebAppContext.java:1459)
	at org.eclipse.jetty.server.handler.ContextHandler.doStart(ContextHandler.java:854)
	at org.eclipse.jetty.servlet.ServletContextHandler.doStart(ServletContextHandler.java:278)
	at org.eclipse.jetty.webapp.WebAppContext.doStart(WebAppContext.java:545)
	at org.eclipse.jetty.util.component.AbstractLifeCycle.start(AbstractLifeCycle.java:68)
	at org.eclipse.jetty.util.component.ContainerLifeCycle.start(ContainerLifeCycle.java:167)
	at org.eclipse.jetty.server.Server.start(Server.java:418)
	at org.eclipse.jetty.util.component.ContainerLifeCycle.doStart(ContainerLifeCycle.java:110)
	at org.eclipse.jetty.server.handler.AbstractHandler.doStart(AbstractHandler.java:113)
	at org.eclipse.jetty.server.Server.doStart(Server.java:382)
	at org.eclipse.jetty.util.component.AbstractLifeCycle.start(AbstractLifeCycle.java:68)
	at org.springframework.boot.context.embedded.jetty.JettyEmbeddedServletContainer.initialize(JettyEmbeddedServletContainer.java:105)
	at org.springframework.boot.context.embedded.jetty.JettyEmbeddedServletContainer.<init>(JettyEmbeddedServletContainer.java:83)
	at org.springframework.boot.context.embedded.jetty.JettyEmbeddedServletContainerFactory.getJettyEmbeddedServletContainer(JettyEmbeddedServletContainerFactory.java:549)
	at org.springframework.boot.context.embedded.jetty.JettyEmbeddedServletContainerFactory.getEmbeddedServletContainer(JettyEmbeddedServletContainerFactory.java:191)
	at org.springframework.boot.context.embedded.EmbeddedWebApplicationContext.createEmbeddedServletContainer(EmbeddedWebApplicationContext.java:162)
	at org.springframework.boot.context.embedded.EmbeddedWebApplicationContext.onRefresh(EmbeddedWebApplicationContext.java:135)
	at org.springframework.context.support.AbstractApplicationContext.refresh(AbstractApplicationContext.java:536)
	at org.springframework.boot.context.embedded.EmbeddedWebApplicationContext.refresh(EmbeddedWebApplicationContext.java:123)
	at org.springframework.boot.SpringApplication.refresh(SpringApplication.java:666)
	at org.springframework.boot.SpringApplication.refreshContext(SpringApplication.java:353)
	at org.springframework.boot.SpringApplication.run(SpringApplication.java:300)
	at org.springframework.boot.SpringApplication.run(SpringApplication.java:1082)
	at org.springframework.boot.SpringApplication.run(SpringApplication.java:1071)
	at com.example.DemoApplication.main(DemoApplication.java:19)
Caused by: javax.faces.FacesException: org.primefaces.application.exceptionhandler.PrimeExceptionHandlerFactory
	at javax.faces.FactoryFinderInstance.getImplGivenPreviousImpl(FactoryFinderInstance.java:404)
	at javax.faces.FactoryFinderInstance.getImplementationInstance(FactoryFinderInstance.java:267)
	at javax.faces.FactoryFinderInstance.getFactory(FactoryFinderInstance.java:488)
	at javax.faces.FactoryFinder.getFactory(FactoryFinder.java:287)
	at com.sun.faces.config.processor.FactoryConfigProcessor.verifyFactoriesExist(FactoryConfigProcessor.java:328)
	... 33 common frames omitted
Caused by: java.lang.ClassNotFoundException: org.primefaces.application.exceptionhandler.PrimeExceptionHandlerFactory
	at java.net.URLClassLoader.findClass(URLClassLoader.java:381)
	at java.lang.ClassLoader.loadClass(ClassLoader.java:424)
	at sun.misc.Launcher$AppClassLoader.loadClass(Launcher.java:331)
	at java.lang.ClassLoader.loadClass(ClassLoader.java:357)
	at java.lang.Class.forName0(Native Method)
	at java.lang.Class.forName(Class.java:348)
	at javax.faces.FactoryFinderInstance.getImplGivenPreviousImpl(FactoryFinderInstance.java:380)
	... 37 common frames omitted
2021-04-26 08:51:24 - Application startup failed
org.springframework.context.ApplicationContextException: Unable to start embedded container; nested exception is org.springframework.boot.context.embedded.EmbeddedServletContainerException: Unable to start embedded Jetty servlet container
	at org.springframework.boot.context.embedded.EmbeddedWebApplicationContext.onRefresh(EmbeddedWebApplicationContext.java:138)
	at org.springframework.context.support.AbstractApplicationContext.refresh(AbstractApplicationContext.java:536)
	at org.springframework.boot.context.embedded.EmbeddedWebApplicationContext.refresh(EmbeddedWebApplicationContext.java:123)
	at org.springframework.boot.SpringApplication.refresh(SpringApplication.java:666)
	at org.springframework.boot.SpringApplication.refreshContext(SpringApplication.java:353)
	at org.springframework.boot.SpringApplication.run(SpringApplication.java:300)
	at org.springframework.boot.SpringApplication.run(SpringApplication.java:1082)
	at org.springframework.boot.SpringApplication.run(SpringApplication.java:1071)
	at com.example.DemoApplication.main(DemoApplication.java:19)
Caused by: org.springframework.boot.context.embedded.EmbeddedServletContainerException: Unable to start embedded Jetty servlet container
	at org.springframework.boot.context.embedded.jetty.JettyEmbeddedServletContainer.initialize(JettyEmbeddedServletContainer.java:111)
	at org.springframework.boot.context.embedded.jetty.JettyEmbeddedServletContainer.<init>(JettyEmbeddedServletContainer.java:83)
	at org.springframework.boot.context.embedded.jetty.JettyEmbeddedServletContainerFactory.getJettyEmbeddedServletContainer(JettyEmbeddedServletContainerFactory.java:549)
	at org.springframework.boot.context.embedded.jetty.JettyEmbeddedServletContainerFactory.getEmbeddedServletContainer(JettyEmbeddedServletContainerFactory.java:191)
	at org.springframework.boot.context.embedded.EmbeddedWebApplicationContext.createEmbeddedServletContainer(EmbeddedWebApplicationContext.java:162)
	at org.springframework.boot.context.embedded.EmbeddedWebApplicationContext.onRefresh(EmbeddedWebApplicationContext.java:135)
	... 8 common frames omitted
Caused by: java.lang.RuntimeException: com.sun.faces.config.ConfigurationException: Factory 'javax.faces.context.ExceptionHandlerFactory' was not configured properly.
	at com.sun.faces.config.ConfigureListener.contextInitialized(ConfigureListener.java:280)
	at org.eclipse.jetty.server.handler.ContextHandler.callContextInitialized(ContextHandler.java:959)
	at org.eclipse.jetty.servlet.ServletContextHandler.callContextInitialized(ServletContextHandler.java:553)
	at org.eclipse.jetty.server.handler.ContextHandler.startContext(ContextHandler.java:924)
	at org.eclipse.jetty.servlet.ServletContextHandler.startContext(ServletContextHandler.java:365)
	at org.eclipse.jetty.webapp.WebAppContext.startWebapp(WebAppContext.java:1497)
	at org.eclipse.jetty.webapp.WebAppContext.startContext(WebAppContext.java:1459)
	at org.eclipse.jetty.server.handler.ContextHandler.doStart(ContextHandler.java:854)
	at org.eclipse.jetty.servlet.ServletContextHandler.doStart(ServletContextHandler.java:278)
	at org.eclipse.jetty.webapp.WebAppContext.doStart(WebAppContext.java:545)
	at org.eclipse.jetty.util.component.AbstractLifeCycle.start(AbstractLifeCycle.java:68)
	at org.eclipse.jetty.util.component.ContainerLifeCycle.start(ContainerLifeCycle.java:167)
	at org.eclipse.jetty.server.Server.start(Server.java:418)
	at org.eclipse.jetty.util.component.ContainerLifeCycle.doStart(ContainerLifeCycle.java:110)
	at org.eclipse.jetty.server.handler.AbstractHandler.doStart(AbstractHandler.java:113)
	at org.eclipse.jetty.server.Server.doStart(Server.java:382)
	at org.eclipse.jetty.util.component.AbstractLifeCycle.start(AbstractLifeCycle.java:68)
	at org.springframework.boot.context.embedded.jetty.JettyEmbeddedServletContainer.initialize(JettyEmbeddedServletContainer.java:105)
	... 13 common frames omitted
Caused by: com.sun.faces.config.ConfigurationException: Factory 'javax.faces.context.ExceptionHandlerFactory' was not configured properly.
	at com.sun.faces.config.processor.FactoryConfigProcessor.verifyFactoriesExist(FactoryConfigProcessor.java:330)
	at com.sun.faces.config.processor.FactoryConfigProcessor.process(FactoryConfigProcessor.java:236)
	at com.sun.faces.config.ConfigManager.initialize(ConfigManager.java:435)
	at com.sun.faces.config.ConfigureListener.contextInitialized(ConfigureListener.java:221)
	... 30 common frames omitted
Caused by: javax.faces.FacesException: org.primefaces.application.exceptionhandler.PrimeExceptionHandlerFactory
	at javax.faces.FactoryFinderInstance.getImplGivenPreviousImpl(FactoryFinderInstance.java:404)
	at javax.faces.FactoryFinderInstance.getImplementationInstance(FactoryFinderInstance.java:267)
	at javax.faces.FactoryFinderInstance.getFactory(FactoryFinderInstance.java:488)
	at javax.faces.FactoryFinder.getFactory(FactoryFinder.java:287)
	at com.sun.faces.config.processor.FactoryConfigProcessor.verifyFactoriesExist(FactoryConfigProcessor.java:328)
	... 33 common frames omitted
Caused by: java.lang.ClassNotFoundException: org.primefaces.application.exceptionhandler.PrimeExceptionHandlerFactory
	at java.net.URLClassLoader.findClass(URLClassLoader.java:381)
	at java.lang.ClassLoader.loadClass(ClassLoader.java:424)
	at sun.misc.Launcher$AppClassLoader.loadClass(Launcher.java:331)
	at java.lang.ClassLoader.loadClass(ClassLoader.java:357)
	at java.lang.Class.forName0(Native Method)
	at java.lang.Class.forName(Class.java:348)
	at javax.faces.FactoryFinderInstance.getImplGivenPreviousImpl(FactoryFinderInstance.java:380)
	... 37 common frames omitted
2021-04-26 08:52:44 - Critical error during deployment: 
com.sun.faces.config.ConfigurationException: Factory 'javax.faces.context.ExceptionHandlerFactory' was not configured properly.
	at com.sun.faces.config.processor.FactoryConfigProcessor.verifyFactoriesExist(FactoryConfigProcessor.java:330)
	at com.sun.faces.config.processor.FactoryConfigProcessor.process(FactoryConfigProcessor.java:236)
	at com.sun.faces.config.ConfigManager.initialize(ConfigManager.java:435)
	at com.sun.faces.config.ConfigureListener.contextInitialized(ConfigureListener.java:221)
	at org.eclipse.jetty.server.handler.ContextHandler.callContextInitialized(ContextHandler.java:959)
	at org.eclipse.jetty.servlet.ServletContextHandler.callContextInitialized(ServletContextHandler.java:553)
	at org.eclipse.jetty.server.handler.ContextHandler.startContext(ContextHandler.java:924)
	at org.eclipse.jetty.servlet.ServletContextHandler.startContext(ServletContextHandler.java:365)
	at org.eclipse.jetty.webapp.WebAppContext.startWebapp(WebAppContext.java:1497)
	at org.eclipse.jetty.webapp.WebAppContext.startContext(WebAppContext.java:1459)
	at org.eclipse.jetty.server.handler.ContextHandler.doStart(ContextHandler.java:854)
	at org.eclipse.jetty.servlet.ServletContextHandler.doStart(ServletContextHandler.java:278)
	at org.eclipse.jetty.webapp.WebAppContext.doStart(WebAppContext.java:545)
	at org.eclipse.jetty.util.component.AbstractLifeCycle.start(AbstractLifeCycle.java:68)
	at org.eclipse.jetty.util.component.ContainerLifeCycle.start(ContainerLifeCycle.java:167)
	at org.eclipse.jetty.server.Server.start(Server.java:418)
	at org.eclipse.jetty.util.component.ContainerLifeCycle.doStart(ContainerLifeCycle.java:110)
	at org.eclipse.jetty.server.handler.AbstractHandler.doStart(AbstractHandler.java:113)
	at org.eclipse.jetty.server.Server.doStart(Server.java:382)
	at org.eclipse.jetty.util.component.AbstractLifeCycle.start(AbstractLifeCycle.java:68)
	at org.springframework.boot.context.embedded.jetty.JettyEmbeddedServletContainer.initialize(JettyEmbeddedServletContainer.java:105)
	at org.springframework.boot.context.embedded.jetty.JettyEmbeddedServletContainer.<init>(JettyEmbeddedServletContainer.java:83)
	at org.springframework.boot.context.embedded.jetty.JettyEmbeddedServletContainerFactory.getJettyEmbeddedServletContainer(JettyEmbeddedServletContainerFactory.java:549)
	at org.springframework.boot.context.embedded.jetty.JettyEmbeddedServletContainerFactory.getEmbeddedServletContainer(JettyEmbeddedServletContainerFactory.java:191)
	at org.springframework.boot.context.embedded.EmbeddedWebApplicationContext.createEmbeddedServletContainer(EmbeddedWebApplicationContext.java:162)
	at org.springframework.boot.context.embedded.EmbeddedWebApplicationContext.onRefresh(EmbeddedWebApplicationContext.java:135)
	at org.springframework.context.support.AbstractApplicationContext.refresh(AbstractApplicationContext.java:536)
	at org.springframework.boot.context.embedded.EmbeddedWebApplicationContext.refresh(EmbeddedWebApplicationContext.java:123)
	at org.springframework.boot.SpringApplication.refresh(SpringApplication.java:666)
	at org.springframework.boot.SpringApplication.refreshContext(SpringApplication.java:353)
	at org.springframework.boot.SpringApplication.run(SpringApplication.java:300)
	at org.springframework.boot.SpringApplication.run(SpringApplication.java:1082)
	at org.springframework.boot.SpringApplication.run(SpringApplication.java:1071)
	at com.example.DemoApplication.main(DemoApplication.java:19)
Caused by: javax.faces.FacesException: org.primefaces.application.exceptionhandler.PrimeExceptionHandlerFactory
	at javax.faces.FactoryFinderInstance.getImplGivenPreviousImpl(FactoryFinderInstance.java:404)
	at javax.faces.FactoryFinderInstance.getImplementationInstance(FactoryFinderInstance.java:267)
	at javax.faces.FactoryFinderInstance.getFactory(FactoryFinderInstance.java:488)
	at javax.faces.FactoryFinder.getFactory(FactoryFinder.java:287)
	at com.sun.faces.config.processor.FactoryConfigProcessor.verifyFactoriesExist(FactoryConfigProcessor.java:328)
	... 33 common frames omitted
Caused by: java.lang.ClassNotFoundException: org.primefaces.application.exceptionhandler.PrimeExceptionHandlerFactory
	at java.net.URLClassLoader.findClass(URLClassLoader.java:381)
	at java.lang.ClassLoader.loadClass(ClassLoader.java:424)
	at sun.misc.Launcher$AppClassLoader.loadClass(Launcher.java:331)
	at java.lang.ClassLoader.loadClass(ClassLoader.java:357)
	at java.lang.Class.forName0(Native Method)
	at java.lang.Class.forName(Class.java:348)
	at javax.faces.FactoryFinderInstance.getImplGivenPreviousImpl(FactoryFinderInstance.java:380)
	... 37 common frames omitted
2021-04-26 08:52:44 - Application startup failed
org.springframework.context.ApplicationContextException: Unable to start embedded container; nested exception is org.springframework.boot.context.embedded.EmbeddedServletContainerException: Unable to start embedded Jetty servlet container
	at org.springframework.boot.context.embedded.EmbeddedWebApplicationContext.onRefresh(EmbeddedWebApplicationContext.java:138)
	at org.springframework.context.support.AbstractApplicationContext.refresh(AbstractApplicationContext.java:536)
	at org.springframework.boot.context.embedded.EmbeddedWebApplicationContext.refresh(EmbeddedWebApplicationContext.java:123)
	at org.springframework.boot.SpringApplication.refresh(SpringApplication.java:666)
	at org.springframework.boot.SpringApplication.refreshContext(SpringApplication.java:353)
	at org.springframework.boot.SpringApplication.run(SpringApplication.java:300)
	at org.springframework.boot.SpringApplication.run(SpringApplication.java:1082)
	at org.springframework.boot.SpringApplication.run(SpringApplication.java:1071)
	at com.example.DemoApplication.main(DemoApplication.java:19)
Caused by: org.springframework.boot.context.embedded.EmbeddedServletContainerException: Unable to start embedded Jetty servlet container
	at org.springframework.boot.context.embedded.jetty.JettyEmbeddedServletContainer.initialize(JettyEmbeddedServletContainer.java:111)
	at org.springframework.boot.context.embedded.jetty.JettyEmbeddedServletContainer.<init>(JettyEmbeddedServletContainer.java:83)
	at org.springframework.boot.context.embedded.jetty.JettyEmbeddedServletContainerFactory.getJettyEmbeddedServletContainer(JettyEmbeddedServletContainerFactory.java:549)
	at org.springframework.boot.context.embedded.jetty.JettyEmbeddedServletContainerFactory.getEmbeddedServletContainer(JettyEmbeddedServletContainerFactory.java:191)
	at org.springframework.boot.context.embedded.EmbeddedWebApplicationContext.createEmbeddedServletContainer(EmbeddedWebApplicationContext.java:162)
	at org.springframework.boot.context.embedded.EmbeddedWebApplicationContext.onRefresh(EmbeddedWebApplicationContext.java:135)
	... 8 common frames omitted
Caused by: java.lang.RuntimeException: com.sun.faces.config.ConfigurationException: Factory 'javax.faces.context.ExceptionHandlerFactory' was not configured properly.
	at com.sun.faces.config.ConfigureListener.contextInitialized(ConfigureListener.java:280)
	at org.eclipse.jetty.server.handler.ContextHandler.callContextInitialized(ContextHandler.java:959)
	at org.eclipse.jetty.servlet.ServletContextHandler.callContextInitialized(ServletContextHandler.java:553)
	at org.eclipse.jetty.server.handler.ContextHandler.startContext(ContextHandler.java:924)
	at org.eclipse.jetty.servlet.ServletContextHandler.startContext(ServletContextHandler.java:365)
	at org.eclipse.jetty.webapp.WebAppContext.startWebapp(WebAppContext.java:1497)
	at org.eclipse.jetty.webapp.WebAppContext.startContext(WebAppContext.java:1459)
	at org.eclipse.jetty.server.handler.ContextHandler.doStart(ContextHandler.java:854)
	at org.eclipse.jetty.servlet.ServletContextHandler.doStart(ServletContextHandler.java:278)
	at org.eclipse.jetty.webapp.WebAppContext.doStart(WebAppContext.java:545)
	at org.eclipse.jetty.util.component.AbstractLifeCycle.start(AbstractLifeCycle.java:68)
	at org.eclipse.jetty.util.component.ContainerLifeCycle.start(ContainerLifeCycle.java:167)
	at org.eclipse.jetty.server.Server.start(Server.java:418)
	at org.eclipse.jetty.util.component.ContainerLifeCycle.doStart(ContainerLifeCycle.java:110)
	at org.eclipse.jetty.server.handler.AbstractHandler.doStart(AbstractHandler.java:113)
	at org.eclipse.jetty.server.Server.doStart(Server.java:382)
	at org.eclipse.jetty.util.component.AbstractLifeCycle.start(AbstractLifeCycle.java:68)
	at org.springframework.boot.context.embedded.jetty.JettyEmbeddedServletContainer.initialize(JettyEmbeddedServletContainer.java:105)
	... 13 common frames omitted
Caused by: com.sun.faces.config.ConfigurationException: Factory 'javax.faces.context.ExceptionHandlerFactory' was not configured properly.
	at com.sun.faces.config.processor.FactoryConfigProcessor.verifyFactoriesExist(FactoryConfigProcessor.java:330)
	at com.sun.faces.config.processor.FactoryConfigProcessor.process(FactoryConfigProcessor.java:236)
	at com.sun.faces.config.ConfigManager.initialize(ConfigManager.java:435)
	at com.sun.faces.config.ConfigureListener.contextInitialized(ConfigureListener.java:221)
	... 30 common frames omitted
Caused by: javax.faces.FacesException: org.primefaces.application.exceptionhandler.PrimeExceptionHandlerFactory
	at javax.faces.FactoryFinderInstance.getImplGivenPreviousImpl(FactoryFinderInstance.java:404)
	at javax.faces.FactoryFinderInstance.getImplementationInstance(FactoryFinderInstance.java:267)
	at javax.faces.FactoryFinderInstance.getFactory(FactoryFinderInstance.java:488)
	at javax.faces.FactoryFinder.getFactory(FactoryFinder.java:287)
	at com.sun.faces.config.processor.FactoryConfigProcessor.verifyFactoriesExist(FactoryConfigProcessor.java:328)
	... 33 common frames omitted
Caused by: java.lang.ClassNotFoundException: org.primefaces.application.exceptionhandler.PrimeExceptionHandlerFactory
	at java.net.URLClassLoader.findClass(URLClassLoader.java:381)
	at java.lang.ClassLoader.loadClass(ClassLoader.java:424)
	at sun.misc.Launcher$AppClassLoader.loadClass(Launcher.java:331)
	at java.lang.ClassLoader.loadClass(ClassLoader.java:357)
	at java.lang.Class.forName0(Native Method)
	at java.lang.Class.forName(Class.java:348)
	at javax.faces.FactoryFinderInstance.getImplGivenPreviousImpl(FactoryFinderInstance.java:380)
	... 37 common frames omitted
